{"/Users/manveerkaur/Desktop/Guri/React Guri/FoodieFinder/src/components/Contact.js": {"path":"/Users/manveerkaur/Desktop/Guri/React Guri/FoodieFinder/src/components/Contact.js","statementMap":{"0":{"start":{"line":1,"column":16},"end":{"line":13,"column":5}},"1":{"start":{"line":2,"column":4},"end":{"line":12,"column":5}}},"fnMap":{"0":{"name":"(anonymous_0)","decl":{"start":{"line":1,"column":16},"end":{"line":1,"column":17}},"loc":{"start":{"line":1,"column":22},"end":{"line":13,"column":5}},"line":1}},"branchMap":{},"s":{"0":1,"1":4},"f":{"0":4},"b":{},"_coverageSchema":"1a1c01bbd47fc00a2c39e90264f33305004495a9","hash":"86f62593bdb2b6e146d4b79dc35c1ea8260eb532"}
,"/Users/manveerkaur/Desktop/Guri/React Guri/FoodieFinder/src/components/sum.js": {"path":"/Users/manveerkaur/Desktop/Guri/React Guri/FoodieFinder/src/components/sum.js","statementMap":{"0":{"start":{"line":1,"column":19},"end":{"line":3,"column":1}},"1":{"start":{"line":2,"column":4},"end":{"line":2,"column":15}}},"fnMap":{"0":{"name":"(anonymous_0)","decl":{"start":{"line":1,"column":19},"end":{"line":1,"column":20}},"loc":{"start":{"line":1,"column":28},"end":{"line":3,"column":1}},"line":1}},"branchMap":{},"s":{"0":1,"1":1},"f":{"0":1},"b":{},"_coverageSchema":"1a1c01bbd47fc00a2c39e90264f33305004495a9","hash":"f6353ef78d238efeeffd9c88cd0d586a43ab9611"}
}
